yarn run v1.22.19
$ storybook build --output-dir /var/folders/7f/2crl4tzs75l63w2sq5627s3c0000gn/T/chromatic--3820-6jwhGYJyCpRm
@storybook/cli v7.6.6

info => Cleaning outputDir: /var/folders/7f/2crl4tzs75l63w2sq5627s3c0000gn/T/chromatic--3820-6jwhGYJyCpRm
info => Loading presets
info => Building manager..
info => Manager built (106 ms)
info => Building preview..
info => Copying static files: /Users/kishanmandora/Downloads/projects/taskbox/node_modules/@storybook/manager/static at /var/folders/7f/2crl4tzs75l63w2sq5627s3c0000gn/T/chromatic--3820-6jwhGYJyCpRm/sb-common-assets
info => Copying static files: /Users/kishanmandora/Downloads/projects/taskbox/public at /var/folders/7f/2crl4tzs75l63w2sq5627s3c0000gn/T/chromatic--3820-6jwhGYJyCpRm/
vite v4.5.1 building for production...
transforming...
✓ 839 modules transformed.
rendering chunks...
computing gzip size...
../../../../../var/folders/7f/2crl4tzs75l63w2sq5627s3c0000gn/T/chromatic--3820-6jwhGYJyCpRm/iframe.html                                     12.58 kB │ gzip:   3.58 kB
../../../../../var/folders/7f/2crl4tzs75l63w2sq5627s3c0000gn/T/chromatic--3820-6jwhGYJyCpRm/assets/percolate-dac75269.ttf                   34.04 kB
../../../../../var/folders/7f/2crl4tzs75l63w2sq5627s3c0000gn/T/chromatic--3820-6jwhGYJyCpRm/assets/percolate-ec979d96.woff                  34.11 kB
../../../../../var/folders/7f/2crl4tzs75l63w2sq5627s3c0000gn/T/chromatic--3820-6jwhGYJyCpRm/assets/percolate-5ed633c2.eot                   34.21 kB
../../../../../var/folders/7f/2crl4tzs75l63w2sq5627s3c0000gn/T/chromatic--3820-6jwhGYJyCpRm/assets/percolate-d13fa91b.svg                  140.51 kB │ gzip:  47.50 kB
../../../../../var/folders/7f/2crl4tzs75l63w2sq5627s3c0000gn/T/chromatic--3820-6jwhGYJyCpRm/assets/preview-4f244d89.css                      6.87 kB │ gzip:   2.06 kB
../../../../../var/folders/7f/2crl4tzs75l63w2sq5627s3c0000gn/T/chromatic--3820-6jwhGYJyCpRm/assets/_commonjs-dynamic-modules-302442b1.js     0.24 kB │ gzip:   0.19 kB
../../../../../var/folders/7f/2crl4tzs75l63w2sq5627s3c0000gn/T/chromatic--3820-6jwhGYJyCpRm/assets/WithTooltip-V3YHNWJZ-321faddc.js          0.44 kB │ gzip:   0.27 kB
../../../../../var/folders/7f/2crl4tzs75l63w2sq5627s3c0000gn/T/chromatic--3820-6jwhGYJyCpRm/assets/syntaxhighlighter-V7JZZA35-ad1c78c6.js    0.45 kB │ gzip:   0.29 kB
../../../../../var/folders/7f/2crl4tzs75l63w2sq5627s3c0000gn/T/chromatic--3820-6jwhGYJyCpRm/assets/preview-7b57a1a0.js                       0.51 kB │ gzip:   0.33 kB
../../../../../var/folders/7f/2crl4tzs75l63w2sq5627s3c0000gn/T/chromatic--3820-6jwhGYJyCpRm/assets/index-3fd0d1ea.js                         0.58 kB │ gzip:   0.35 kB
../../../../../var/folders/7f/2crl4tzs75l63w2sq5627s3c0000gn/T/chromatic--3820-6jwhGYJyCpRm/assets/preview-73104b77.js                       0.64 kB │ gzip:   0.44 kB
../../../../../var/folders/7f/2crl4tzs75l63w2sq5627s3c0000gn/T/chromatic--3820-6jwhGYJyCpRm/assets/_commonjsHelpers-de833af9.js              0.69 kB │ gzip:   0.38 kB
../../../../../var/folders/7f/2crl4tzs75l63w2sq5627s3c0000gn/T/chromatic--3820-6jwhGYJyCpRm/assets/index-356e4a49.js                         0.77 kB │ gzip:   0.47 kB
../../../../../var/folders/7f/2crl4tzs75l63w2sq5627s3c0000gn/T/chromatic--3820-6jwhGYJyCpRm/assets/preview-0ef86afd.js                       0.86 kB │ gzip:   0.55 kB
../../../../../var/folders/7f/2crl4tzs75l63w2sq5627s3c0000gn/T/chromatic--3820-6jwhGYJyCpRm/assets/preview-ec91c2e5.js                       1.04 kB │ gzip:   0.67 kB
../../../../../var/folders/7f/2crl4tzs75l63w2sq5627s3c0000gn/T/chromatic--3820-6jwhGYJyCpRm/assets/entry-preview-fb6629d6.js                 1.12 kB │ gzip:   0.66 kB
../../../../../var/folders/7f/2crl4tzs75l63w2sq5627s3c0000gn/T/chromatic--3820-6jwhGYJyCpRm/assets/index-11d98b33.js                         2.59 kB │ gzip:   1.26 kB
../../../../../var/folders/7f/2crl4tzs75l63w2sq5627s3c0000gn/T/chromatic--3820-6jwhGYJyCpRm/assets/Task.stories-2319aa06.js                  2.99 kB │ gzip:   1.35 kB
../../../../../var/folders/7f/2crl4tzs75l63w2sq5627s3c0000gn/T/chromatic--3820-6jwhGYJyCpRm/assets/preview-30b54f76.js                       3.21 kB │ gzip:   1.37 kB
../../../../../var/folders/7f/2crl4tzs75l63w2sq5627s3c0000gn/T/chromatic--3820-6jwhGYJyCpRm/assets/iframe-4a5fddab.js                        4.55 kB │ gzip:   1.65 kB
../../../../../var/folders/7f/2crl4tzs75l63w2sq5627s3c0000gn/T/chromatic--3820-6jwhGYJyCpRm/assets/preview-d01b88e8.js                       5.23 kB │ gzip:   2.39 kB
../../../../../var/folders/7f/2crl4tzs75l63w2sq5627s3c0000gn/T/chromatic--3820-6jwhGYJyCpRm/assets/index-76fb7be0.js                         7.16 kB │ gzip:   2.91 kB
../../../../../var/folders/7f/2crl4tzs75l63w2sq5627s3c0000gn/T/chromatic--3820-6jwhGYJyCpRm/assets/preview-da31036b.js                       7.62 kB │ gzip:   1.56 kB
../../../../../var/folders/7f/2crl4tzs75l63w2sq5627s3c0000gn/T/chromatic--3820-6jwhGYJyCpRm/assets/preview-c56bf6ac.js                       8.28 kB │ gzip:   3.16 kB
../../../../../var/folders/7f/2crl4tzs75l63w2sq5627s3c0000gn/T/chromatic--3820-6jwhGYJyCpRm/assets/index-da07a199.js                        13.61 kB │ gzip:   5.08 kB
../../../../../var/folders/7f/2crl4tzs75l63w2sq5627s3c0000gn/T/chromatic--3820-6jwhGYJyCpRm/assets/Color-6VNJS4EI-0efef62c.js               17.64 kB │ gzip:   6.75 kB
../../../../../var/folders/7f/2crl4tzs75l63w2sq5627s3c0000gn/T/chromatic--3820-6jwhGYJyCpRm/assets/TaskList.stories-2e8d5368.js             32.31 kB │ gzip:  12.04 kB
../../../../../var/folders/7f/2crl4tzs75l63w2sq5627s3c0000gn/T/chromatic--3820-6jwhGYJyCpRm/assets/preview-f8bdd522.js                      34.23 kB │ gzip:  13.36 kB
../../../../../var/folders/7f/2crl4tzs75l63w2sq5627s3c0000gn/T/chromatic--3820-6jwhGYJyCpRm/assets/preview-21802b0a.js                      72.07 kB │ gzip:  24.33 kB
../../../../../var/folders/7f/2crl4tzs75l63w2sq5627s3c0000gn/T/chromatic--3820-6jwhGYJyCpRm/assets/_getPrototype-1e53b583.js                78.40 kB │ gzip:  23.40 kB
../../../../../var/folders/7f/2crl4tzs75l63w2sq5627s3c0000gn/T/chromatic--3820-6jwhGYJyCpRm/assets/react-18-236157c6.js                    134.55 kB │ gzip:  43.44 kB
../../../../../var/folders/7f/2crl4tzs75l63w2sq5627s3c0000gn/T/chromatic--3820-6jwhGYJyCpRm/assets/entry-preview-docs-c7c6facc.js          213.12 kB │ gzip:  66.22 kB
../../../../../var/folders/7f/2crl4tzs75l63w2sq5627s3c0000gn/T/chromatic--3820-6jwhGYJyCpRm/assets/index-03d05a58.js                       375.25 kB │ gzip: 115.53 kB
../../../../../var/folders/7f/2crl4tzs75l63w2sq5627s3c0000gn/T/chromatic--3820-6jwhGYJyCpRm/assets/DocsRenderer-NNNQARDV-3bcea92d.js       537.37 kB │ gzip: 175.10 kB
../../../../../var/folders/7f/2crl4tzs75l63w2sq5627s3c0000gn/T/chromatic--3820-6jwhGYJyCpRm/assets/axe-18789938.js                         556.58 kB │ gzip: 152.73 kB
../../../../../var/folders/7f/2crl4tzs75l63w2sq5627s3c0000gn/T/chromatic--3820-6jwhGYJyCpRm/assets/InboxScreen.stories-cba47590.js         562.34 kB │ gzip: 148.53 kB
../../../../../var/folders/7f/2crl4tzs75l63w2sq5627s3c0000gn/T/chromatic--3820-6jwhGYJyCpRm/assets/formatter-SWP5E3XI-ceb6a8a4.js          601.64 kB │ gzip: 185.03 kB
✓ built in 8.54s
info => Preview built (9 s)
info => Output directory: /var/folders/7f/2crl4tzs75l63w2sq5627s3c0000gn/T/chromatic--3820-6jwhGYJyCpRm
Done in 11.48s.
